<?xml version="1.0" encoding="UTF-8"?>
<testsuite xmlns:xsi="http://www.w3.org/2001/XMLSchema-instance" xsi:noNamespaceSchemaLocation="https://maven.apache.org/surefire/maven-surefire-plugin/xsd/surefire-test-report-3.0.xsd" version="3.0" name="TestRunner" time="5.361" tests="1" errors="0" skipped="0" failures="1">
  <properties>
[...]
</properties>
  <testcase name="Successful login with valid credentials" classname="User Login" time="4.615">
    <failure type="java.lang.AssertionError"><![CDATA[java.lang.AssertionError
	at org.junit.Assert.fail(Assert.java:87)
	at org.junit.Assert.assertTrue(Assert.java:42)
	at org.junit.Assert.assertTrue(Assert.java:53)
	at stepDefinitions.LoginSteps.a_welcome_message_should_be_displayed(LoginSteps.java:46)
	at ✽.a welcome message should be displayed(file:///C:/Users/Atif/Desktop/Term/Spring'24/Advanced%20Software%20Engineering/Assignments/User%20Login/cucumber-login-test/src/test/resources/features/Login.feature:8)
]]></failure>
    <system-out><![CDATA[
Scenario: Successful login with valid credentials    &amp#27;[90m# src/test/resources/features/Login.feature:3&amp#27;[0m
  &amp#27;[32mGiven &amp#27;[0m&amp#27;[32mthe user is on the login page&amp#27;[0m                &amp#27;[90m# stepDefinitions.LoginSteps.the_user_is_on_the_login_page()&amp#27;[0m
  &amp#27;[32mWhen &amp#27;[0m&amp#27;[32mthe user enters a valid username and password&amp#27;[0m &amp#27;[90m# stepDefinitions.LoginSteps.the_user_enters_a_valid_username_and_password()&amp#27;[0m
  &amp#27;[32mAnd &amp#27;[0m&amp#27;[32mthe user clicks the login button&amp#27;[0m               &amp#27;[90m# stepDefinitions.LoginSteps.the_user_clicks_the_login_button()&amp#27;[0m
  &amp#27;[32mThen &amp#27;[0m&amp#27;[32mthe user should be redirected to the homepage&amp#27;[0m &amp#27;[90m# stepDefinitions.LoginSteps.the_user_should_be_redirected_to_the_homepage()&amp#27;[0m
  &amp#27;[31mAnd &amp#27;[0m&amp#27;[31ma welcome message should be displayed&amp#27;[0m          &amp#27;[90m# stepDefinitions.LoginSteps.a_welcome_message_should_be_displayed()&amp#27;[0m
      &amp#27;[31mjava.lang.AssertionError
	at org.junit.Assert.fail(Assert.java:87)
	at org.junit.Assert.assertTrue(Assert.java:42)
	at org.junit.Assert.assertTrue(Assert.java:53)
	at stepDefinitions.LoginSteps.a_welcome_message_should_be_displayed(LoginSteps.java:46)
	at ✽.a welcome message should be displayed(file:///C:/Users/Atif/Desktop/Term/Spring'24/Advanced%20Software%20Engineering/Assignments/User%20Login/cucumber-login-test/src/test/resources/features/Login.feature:8)
&amp#27;[0m
]]></system-out>
    <system-err><![CDATA[SLF4J: Failed to load class "org.slf4j.impl.StaticLoggerBinder".
SLF4J: Defaulting to no-operation (NOP) logger implementation
SLF4J: See http://www.slf4j.org/codes.html#StaticLoggerBinder for further details.
Starting ChromeDriver 114.0.5735.90 (386bc09e8f4f2e025eddae123f36f6263096ae49-refs/branch-heads/5735@{#1052}) on port 32037
Only local connections are allowed.
Please see https://chromedriver.chromium.org/security-considerations for suggestions on keeping ChromeDriver safe.
ChromeDriver was started successfully.
May 07, 2024 9:54:06 PM org.openqa.selenium.devtools.CdpVersionFinder findNearestMatch
WARNING: Unable to find CDP implementation matching 114
May 07, 2024 9:54:06 PM org.openqa.selenium.chromium.ChromiumDriver lambda$new$3
WARNING: Unable to find version of CDP to use for . You may need to include a dependency on a specific version of the CDP using something similar to `org.seleniumhq.selenium:selenium-devtools-v86:4.8.0` where the version ("v86") matches the version of the chromium-based browser you're using and the version number of the artifact is the same as Selenium's.
]]></system-err>
  </testcase>
</testsuite>